<?xml version="1.0" encoding="UTF-8"?>
<testsuite xmlns:xsi="http://www.w3.org/2001/XMLSchema-instance" xsi:noNamespaceSchemaLocation="https://maven.apache.org/surefire/maven-surefire-plugin/xsd/surefire-test-report.xsd" version="3.0.2" name="TestSuite" time="25.916" tests="29" errors="0" skipped="1" failures="1">
  <properties>
    <property name="java.specification.version" value="21"/>
    <property name="sun.cpu.isalist" value="amd64"/>
    <property name="sun.jnu.encoding" value="Cp1252"/>
    <property name="java.class.path" value="C:\Users\BADWA03\eclipse-workspace\CucumberJava\target\test-classes;C:\Users\BADWA03\eclipse-workspace\CucumberJava\target\classes;C:\Users\BADWA03\.m2\repository\junit\junit\4.11\junit-4.11.jar;C:\Users\BADWA03\.m2\repository\io\cucumber\cucumber-java\4.3.0\cucumber-java-4.3.0.jar;C:\Users\BADWA03\.m2\repository\io\cucumber\cucumber-core\4.3.0\cucumber-core-4.3.0.jar;C:\Users\BADWA03\.m2\repository\io\cucumber\gherkin\5.1.0\gherkin-5.1.0.jar;C:\Users\BADWA03\.m2\repository\io\cucumber\tag-expressions\1.1.1\tag-expressions-1.1.1.jar;C:\Users\BADWA03\.m2\repository\io\cucumber\cucumber-expressions\6.2.2\cucumber-expressions-6.2.2.jar;C:\Users\BADWA03\.m2\repository\io\cucumber\datatable\1.1.12\datatable-1.1.12.jar;C:\Users\BADWA03\.m2\repository\io\cucumber\datatable-dependencies\1.1.12\datatable-dependencies-1.1.12.jar;C:\Users\BADWA03\.m2\repository\io\cucumber\cucumber-junit\4.3.1\cucumber-junit-4.3.1.jar;C:\Users\BADWA03\.m2\repository\io\cucumber\cucumber-html\0.2.7\cucumber-html-0.2.7.jar;C:\Users\BADWA03\.m2\repository\net\masterthought\cucumber-reporting\5.7.6\cucumber-reporting-5.7.6.jar;C:\Users\BADWA03\.m2\repository\com\fasterxml\jackson\core\jackson-databind\2.13.2.2\jackson-databind-2.13.2.2.jar;C:\Users\BADWA03\.m2\repository\com\fasterxml\jackson\core\jackson-annotations\2.13.2\jackson-annotations-2.13.2.jar;C:\Users\BADWA03\.m2\repository\com\fasterxml\jackson\core\jackson-core\2.13.2\jackson-core-2.13.2.jar;C:\Users\BADWA03\.m2\repository\com\fasterxml\jackson\datatype\jackson-datatype-jsr310\2.13.2\jackson-datatype-jsr310-2.13.2.jar;C:\Users\BADWA03\.m2\repository\org\apache\velocity\velocity-engine-core\2.3\velocity-engine-core-2.3.jar;C:\Users\BADWA03\.m2\repository\joda-time\joda-time\2.12.2\joda-time-2.12.2.jar;C:\Users\BADWA03\.m2\repository\org\apache\commons\commons-lang3\3.12.0\commons-lang3-3.12.0.jar;C:\Users\BADWA03\.m2\repository\org\codehaus\plexus\plexus-utils\3.5.1\plexus-utils-3.5.1.jar;C:\Users\BADWA03\.m2\repository\org\jsoup\jsoup\1.16.1\jsoup-1.16.1.jar;C:\Users\BADWA03\.m2\repository\com\googlecode\owasp-java-html-sanitizer\owasp-java-html-sanitizer\20220608.1\owasp-java-html-sanitizer-20220608.1.jar;C:\Users\BADWA03\.m2\repository\com\google\guava\guava\30.1-jre\guava-30.1-jre.jar;C:\Users\BADWA03\.m2\repository\com\google\guava\failureaccess\1.0.1\failureaccess-1.0.1.jar;C:\Users\BADWA03\.m2\repository\com\google\guava\listenablefuture\9999.0-empty-to-avoid-conflict-with-guava\listenablefuture-9999.0-empty-to-avoid-conflict-with-guava.jar;C:\Users\BADWA03\.m2\repository\com\google\code\findbugs\jsr305\3.0.2\jsr305-3.0.2.jar;C:\Users\BADWA03\.m2\repository\org\checkerframework\checker-qual\3.5.0\checker-qual-3.5.0.jar;C:\Users\BADWA03\.m2\repository\com\google\errorprone\error_prone_annotations\2.3.4\error_prone_annotations-2.3.4.jar;C:\Users\BADWA03\.m2\repository\com\google\j2objc\j2objc-annotations\1.3\j2objc-annotations-1.3.jar;C:\Users\BADWA03\.m2\repository\commons-configuration\commons-configuration\1.10\commons-configuration-1.10.jar;C:\Users\BADWA03\.m2\repository\commons-lang\commons-lang\2.6\commons-lang-2.6.jar;C:\Users\BADWA03\.m2\repository\commons-logging\commons-logging\1.1.1\commons-logging-1.1.1.jar;C:\Users\BADWA03\.m2\repository\org\hamcrest\hamcrest-core\2.2\hamcrest-core-2.2.jar;C:\Users\BADWA03\.m2\repository\org\hamcrest\hamcrest\2.2\hamcrest-2.2.jar;C:\Users\BADWA03\.m2\repository\org\seleniumhq\selenium\selenium-java\4.14.1\selenium-java-4.14.1.jar;C:\Users\BADWA03\.m2\repository\org\seleniumhq\selenium\selenium-api\4.14.1\selenium-api-4.14.1.jar;C:\Users\BADWA03\.m2\repository\org\seleniumhq\selenium\selenium-chrome-driver\4.14.1\selenium-chrome-driver-4.14.1.jar;C:\Users\BADWA03\.m2\repository\com\google\auto\service\auto-service-annotations\1.1.1\auto-service-annotations-1.1.1.jar;C:\Users\BADWA03\.m2\repository\org\seleniumhq\selenium\selenium-chromium-driver\4.14.1\selenium-chromium-driver-4.14.1.jar;C:\Users\BADWA03\.m2\repository\org\seleniumhq\selenium\selenium-json\4.14.1\selenium-json-4.14.1.jar;C:\Users\BADWA03\.m2\repository\org\seleniumhq\selenium\selenium-manager\4.14.1\selenium-manager-4.14.1.jar;C:\Users\BADWA03\.m2\repository\org\seleniumhq\selenium\selenium-devtools-v116\4.14.1\selenium-devtools-v116-4.14.1.jar;C:\Users\BADWA03\.m2\repository\org\seleniumhq\selenium\selenium-devtools-v117\4.14.1\selenium-devtools-v117-4.14.1.jar;C:\Users\BADWA03\.m2\repository\org\seleniumhq\selenium\selenium-devtools-v118\4.14.1\selenium-devtools-v118-4.14.1.jar;C:\Users\BADWA03\.m2\repository\org\seleniumhq\selenium\selenium-devtools-v85\4.14.1\selenium-devtools-v85-4.14.1.jar;C:\Users\BADWA03\.m2\repository\org\seleniumhq\selenium\selenium-edge-driver\4.14.1\selenium-edge-driver-4.14.1.jar;C:\Users\BADWA03\.m2\repository\org\seleniumhq\selenium\selenium-firefox-driver\4.14.1\selenium-firefox-driver-4.14.1.jar;C:\Users\BADWA03\.m2\repository\org\seleniumhq\selenium\selenium-http\4.14.1\selenium-http-4.14.1.jar;C:\Users\BADWA03\.m2\repository\dev\failsafe\failsafe\3.3.2\failsafe-3.3.2.jar;C:\Users\BADWA03\.m2\repository\org\seleniumhq\selenium\selenium-ie-driver\4.14.1\selenium-ie-driver-4.14.1.jar;C:\Users\BADWA03\.m2\repository\org\seleniumhq\selenium\selenium-remote-driver\4.14.1\selenium-remote-driver-4.14.1.jar;C:\Users\BADWA03\.m2\repository\io\opentelemetry\opentelemetry-api\1.28.0\opentelemetry-api-1.28.0.jar;C:\Users\BADWA03\.m2\repository\io\opentelemetry\opentelemetry-context\1.28.0\opentelemetry-context-1.28.0.jar;C:\Users\BADWA03\.m2\repository\io\opentelemetry\opentelemetry-exporter-logging\1.28.0\opentelemetry-exporter-logging-1.28.0.jar;C:\Users\BADWA03\.m2\repository\io\opentelemetry\opentelemetry-sdk-metrics\1.28.0\opentelemetry-sdk-metrics-1.28.0.jar;C:\Users\BADWA03\.m2\repository\io\opentelemetry\opentelemetry-extension-incubator\1.28.0-alpha\opentelemetry-extension-incubator-1.28.0-alpha.jar;C:\Users\BADWA03\.m2\repository\io\opentelemetry\opentelemetry-sdk-logs\1.28.0\opentelemetry-sdk-logs-1.28.0.jar;C:\Users\BADWA03\.m2\repository\io\opentelemetry\opentelemetry-sdk-common\1.28.0\opentelemetry-sdk-common-1.28.0.jar;C:\Users\BADWA03\.m2\repository\io\opentelemetry\opentelemetry-sdk-extension-autoconfigure-spi\1.28.0\opentelemetry-sdk-extension-autoconfigure-spi-1.28.0.jar;C:\Users\BADWA03\.m2\repository\io\opentelemetry\opentelemetry-sdk-extension-autoconfigure\1.28.0\opentelemetry-sdk-extension-autoconfigure-1.28.0.jar;C:\Users\BADWA03\.m2\repository\io\opentelemetry\opentelemetry-api-events\1.28.0-alpha\opentelemetry-api-events-1.28.0-alpha.jar;C:\Users\BADWA03\.m2\repository\io\opentelemetry\opentelemetry-sdk-trace\1.28.0\opentelemetry-sdk-trace-1.28.0.jar;C:\Users\BADWA03\.m2\repository\io\opentelemetry\opentelemetry-sdk\1.28.0\opentelemetry-sdk-1.28.0.jar;C:\Users\BADWA03\.m2\repository\io\opentelemetry\opentelemetry-semconv\1.28.0-alpha\opentelemetry-semconv-1.28.0-alpha.jar;C:\Users\BADWA03\.m2\repository\net\bytebuddy\byte-buddy\1.14.5\byte-buddy-1.14.5.jar;C:\Users\BADWA03\.m2\repository\org\seleniumhq\selenium\selenium-os\4.14.1\selenium-os-4.14.1.jar;C:\Users\BADWA03\.m2\repository\org\apache\commons\commons-exec\1.3\commons-exec-1.3.jar;C:\Users\BADWA03\.m2\repository\org\seleniumhq\selenium\selenium-safari-driver\4.14.1\selenium-safari-driver-4.14.1.jar;C:\Users\BADWA03\.m2\repository\org\seleniumhq\selenium\selenium-support\4.14.1\selenium-support-4.14.1.jar;C:\Users\BADWA03\.m2\repository\io\github\bonigarcia\webdrivermanager\5.5.3\webdrivermanager-5.5.3.jar;C:\Users\BADWA03\.m2\repository\org\slf4j\slf4j-api\2.0.7\slf4j-api-2.0.7.jar;C:\Users\BADWA03\.m2\repository\com\google\code\gson\gson\2.10.1\gson-2.10.1.jar;C:\Users\BADWA03\.m2\repository\com\github\docker-java\docker-java\3.3.3\docker-java-3.3.3.jar;C:\Users\BADWA03\.m2\repository\com\github\docker-java\docker-java-core\3.3.3\docker-java-core-3.3.3.jar;C:\Users\BADWA03\.m2\repository\com\github\docker-java\docker-java-api\3.3.3\docker-java-api-3.3.3.jar;C:\Users\BADWA03\.m2\repository\org\bouncycastle\bcpkix-jdk18on\1.75\bcpkix-jdk18on-1.75.jar;C:\Users\BADWA03\.m2\repository\org\bouncycastle\bcprov-jdk18on\1.75\bcprov-jdk18on-1.75.jar;C:\Users\BADWA03\.m2\repository\org\bouncycastle\bcutil-jdk18on\1.75\bcutil-jdk18on-1.75.jar;C:\Users\BADWA03\.m2\repository\org\slf4j\jcl-over-slf4j\1.7.30\jcl-over-slf4j-1.7.30.jar;C:\Users\BADWA03\.m2\repository\com\github\docker-java\docker-java-transport-httpclient5\3.3.3\docker-java-transport-httpclient5-3.3.3.jar;C:\Users\BADWA03\.m2\repository\com\github\docker-java\docker-java-transport\3.3.3\docker-java-transport-3.3.3.jar;C:\Users\BADWA03\.m2\repository\net\java\dev\jna\jna\5.12.1\jna-5.12.1.jar;C:\Users\BADWA03\.m2\repository\org\brotli\dec\0.1.2\dec-0.1.2.jar;C:\Users\BADWA03\.m2\repository\org\apache\httpcomponents\client5\httpclient5\5.2.1\httpclient5-5.2.1.jar;C:\Users\BADWA03\.m2\repository\org\apache\httpcomponents\core5\httpcore5\5.2\httpcore5-5.2.jar;C:\Users\BADWA03\.m2\repository\org\apache\httpcomponents\core5\httpcore5-h2\5.2\httpcore5-h2-5.2.jar;C:\Users\BADWA03\.m2\repository\org\slf4j\slf4j-simple\2.0.13\slf4j-simple-2.0.13.jar;C:\Users\BADWA03\.m2\repository\org\apache\poi\poi\5.2.3\poi-5.2.3.jar;C:\Users\BADWA03\.m2\repository\commons-codec\commons-codec\1.15\commons-codec-1.15.jar;C:\Users\BADWA03\.m2\repository\org\apache\commons\commons-collections4\4.4\commons-collections4-4.4.jar;C:\Users\BADWA03\.m2\repository\org\apache\commons\commons-math3\3.6.1\commons-math3-3.6.1.jar;C:\Users\BADWA03\.m2\repository\com\zaxxer\SparseBitSet\1.2\SparseBitSet-1.2.jar;C:\Users\BADWA03\.m2\repository\org\apache\poi\poi-ooxml\5.2.3\poi-ooxml-5.2.3.jar;C:\Users\BADWA03\.m2\repository\org\apache\poi\poi-ooxml-lite\5.2.3\poi-ooxml-lite-5.2.3.jar;C:\Users\BADWA03\.m2\repository\org\apache\xmlbeans\xmlbeans\5.1.1\xmlbeans-5.1.1.jar;C:\Users\BADWA03\.m2\repository\org\apache\commons\commons-compress\1.21\commons-compress-1.21.jar;C:\Users\BADWA03\.m2\repository\com\github\virtuald\curvesapi\1.07\curvesapi-1.07.jar;C:\Users\BADWA03\.m2\repository\commons-io\commons-io\2.11.0\commons-io-2.11.0.jar;C:\Users\BADWA03\.m2\repository\org\apache\logging\log4j\log4j-core\2.17.1\log4j-core-2.17.1.jar;C:\Users\BADWA03\.m2\repository\org\apache\logging\log4j\log4j-api\2.17.1\log4j-api-2.17.1.jar;C:\Users\BADWA03\.m2\repository\org\testng\testng\7.11.0\testng-7.11.0.jar;C:\Users\BADWA03\.m2\repository\org\jcommander\jcommander\1.83\jcommander-1.83.jar;C:\Users\BADWA03\.m2\repository\org\webjars\jquery\3.7.1\jquery-3.7.1.jar;"/>
    <property name="java.vm.vendor" value="Oracle Corporation"/>
    <property name="sun.arch.data.model" value="64"/>
    <property name="user.variant" value=""/>
    <property name="java.vendor.url" value="https://java.oracle.com/"/>
    <property name="user.timezone" value="Asia/Calcutta"/>
    <property name="os.name" value="Windows 11"/>
    <property name="java.vm.specification.version" value="21"/>
    <property name="sun.java.launcher" value="SUN_STANDARD"/>
    <property name="user.country" value="IN"/>
    <property name="sun.boot.library.path" value="C:\Program Files\Java\jdk-21\bin"/>
    <property name="sun.java.command" value="C:\Users\BADWA03\AppData\Local\Temp\surefire12814970653873170604\surefirebooter-20250827003951676_3.jar C:\Users\BADWA03\AppData\Local\Temp\surefire12814970653873170604 2025-08-27T00-39-51_332-jvmRun1 surefire-20250827003951676_1tmp surefire_0-20250827003951676_2tmp"/>
    <property name="jdk.debug" value="release"/>
    <property name="surefire.test.class.path" value="C:\Users\BADWA03\eclipse-workspace\CucumberJava\target\test-classes;C:\Users\BADWA03\eclipse-workspace\CucumberJava\target\classes;C:\Users\BADWA03\.m2\repository\junit\junit\4.11\junit-4.11.jar;C:\Users\BADWA03\.m2\repository\io\cucumber\cucumber-java\4.3.0\cucumber-java-4.3.0.jar;C:\Users\BADWA03\.m2\repository\io\cucumber\cucumber-core\4.3.0\cucumber-core-4.3.0.jar;C:\Users\BADWA03\.m2\repository\io\cucumber\gherkin\5.1.0\gherkin-5.1.0.jar;C:\Users\BADWA03\.m2\repository\io\cucumber\tag-expressions\1.1.1\tag-expressions-1.1.1.jar;C:\Users\BADWA03\.m2\repository\io\cucumber\cucumber-expressions\6.2.2\cucumber-expressions-6.2.2.jar;C:\Users\BADWA03\.m2\repository\io\cucumber\datatable\1.1.12\datatable-1.1.12.jar;C:\Users\BADWA03\.m2\repository\io\cucumber\datatable-dependencies\1.1.12\datatable-dependencies-1.1.12.jar;C:\Users\BADWA03\.m2\repository\io\cucumber\cucumber-junit\4.3.1\cucumber-junit-4.3.1.jar;C:\Users\BADWA03\.m2\repository\io\cucumber\cucumber-html\0.2.7\cucumber-html-0.2.7.jar;C:\Users\BADWA03\.m2\repository\net\masterthought\cucumber-reporting\5.7.6\cucumber-reporting-5.7.6.jar;C:\Users\BADWA03\.m2\repository\com\fasterxml\jackson\core\jackson-databind\2.13.2.2\jackson-databind-2.13.2.2.jar;C:\Users\BADWA03\.m2\repository\com\fasterxml\jackson\core\jackson-annotations\2.13.2\jackson-annotations-2.13.2.jar;C:\Users\BADWA03\.m2\repository\com\fasterxml\jackson\core\jackson-core\2.13.2\jackson-core-2.13.2.jar;C:\Users\BADWA03\.m2\repository\com\fasterxml\jackson\datatype\jackson-datatype-jsr310\2.13.2\jackson-datatype-jsr310-2.13.2.jar;C:\Users\BADWA03\.m2\repository\org\apache\velocity\velocity-engine-core\2.3\velocity-engine-core-2.3.jar;C:\Users\BADWA03\.m2\repository\joda-time\joda-time\2.12.2\joda-time-2.12.2.jar;C:\Users\BADWA03\.m2\repository\org\apache\commons\commons-lang3\3.12.0\commons-lang3-3.12.0.jar;C:\Users\BADWA03\.m2\repository\org\codehaus\plexus\plexus-utils\3.5.1\plexus-utils-3.5.1.jar;C:\Users\BADWA03\.m2\repository\org\jsoup\jsoup\1.16.1\jsoup-1.16.1.jar;C:\Users\BADWA03\.m2\repository\com\googlecode\owasp-java-html-sanitizer\owasp-java-html-sanitizer\20220608.1\owasp-java-html-sanitizer-20220608.1.jar;C:\Users\BADWA03\.m2\repository\com\google\guava\guava\30.1-jre\guava-30.1-jre.jar;C:\Users\BADWA03\.m2\repository\com\google\guava\failureaccess\1.0.1\failureaccess-1.0.1.jar;C:\Users\BADWA03\.m2\repository\com\google\guava\listenablefuture\9999.0-empty-to-avoid-conflict-with-guava\listenablefuture-9999.0-empty-to-avoid-conflict-with-guava.jar;C:\Users\BADWA03\.m2\repository\com\google\code\findbugs\jsr305\3.0.2\jsr305-3.0.2.jar;C:\Users\BADWA03\.m2\repository\org\checkerframework\checker-qual\3.5.0\checker-qual-3.5.0.jar;C:\Users\BADWA03\.m2\repository\com\google\errorprone\error_prone_annotations\2.3.4\error_prone_annotations-2.3.4.jar;C:\Users\BADWA03\.m2\repository\com\google\j2objc\j2objc-annotations\1.3\j2objc-annotations-1.3.jar;C:\Users\BADWA03\.m2\repository\commons-configuration\commons-configuration\1.10\commons-configuration-1.10.jar;C:\Users\BADWA03\.m2\repository\commons-lang\commons-lang\2.6\commons-lang-2.6.jar;C:\Users\BADWA03\.m2\repository\commons-logging\commons-logging\1.1.1\commons-logging-1.1.1.jar;C:\Users\BADWA03\.m2\repository\org\hamcrest\hamcrest-core\2.2\hamcrest-core-2.2.jar;C:\Users\BADWA03\.m2\repository\org\hamcrest\hamcrest\2.2\hamcrest-2.2.jar;C:\Users\BADWA03\.m2\repository\org\seleniumhq\selenium\selenium-java\4.14.1\selenium-java-4.14.1.jar;C:\Users\BADWA03\.m2\repository\org\seleniumhq\selenium\selenium-api\4.14.1\selenium-api-4.14.1.jar;C:\Users\BADWA03\.m2\repository\org\seleniumhq\selenium\selenium-chrome-driver\4.14.1\selenium-chrome-driver-4.14.1.jar;C:\Users\BADWA03\.m2\repository\com\google\auto\service\auto-service-annotations\1.1.1\auto-service-annotations-1.1.1.jar;C:\Users\BADWA03\.m2\repository\org\seleniumhq\selenium\selenium-chromium-driver\4.14.1\selenium-chromium-driver-4.14.1.jar;C:\Users\BADWA03\.m2\repository\org\seleniumhq\selenium\selenium-json\4.14.1\selenium-json-4.14.1.jar;C:\Users\BADWA03\.m2\repository\org\seleniumhq\selenium\selenium-manager\4.14.1\selenium-manager-4.14.1.jar;C:\Users\BADWA03\.m2\repository\org\seleniumhq\selenium\selenium-devtools-v116\4.14.1\selenium-devtools-v116-4.14.1.jar;C:\Users\BADWA03\.m2\repository\org\seleniumhq\selenium\selenium-devtools-v117\4.14.1\selenium-devtools-v117-4.14.1.jar;C:\Users\BADWA03\.m2\repository\org\seleniumhq\selenium\selenium-devtools-v118\4.14.1\selenium-devtools-v118-4.14.1.jar;C:\Users\BADWA03\.m2\repository\org\seleniumhq\selenium\selenium-devtools-v85\4.14.1\selenium-devtools-v85-4.14.1.jar;C:\Users\BADWA03\.m2\repository\org\seleniumhq\selenium\selenium-edge-driver\4.14.1\selenium-edge-driver-4.14.1.jar;C:\Users\BADWA03\.m2\repository\org\seleniumhq\selenium\selenium-firefox-driver\4.14.1\selenium-firefox-driver-4.14.1.jar;C:\Users\BADWA03\.m2\repository\org\seleniumhq\selenium\selenium-http\4.14.1\selenium-http-4.14.1.jar;C:\Users\BADWA03\.m2\repository\dev\failsafe\failsafe\3.3.2\failsafe-3.3.2.jar;C:\Users\BADWA03\.m2\repository\org\seleniumhq\selenium\selenium-ie-driver\4.14.1\selenium-ie-driver-4.14.1.jar;C:\Users\BADWA03\.m2\repository\org\seleniumhq\selenium\selenium-remote-driver\4.14.1\selenium-remote-driver-4.14.1.jar;C:\Users\BADWA03\.m2\repository\io\opentelemetry\opentelemetry-api\1.28.0\opentelemetry-api-1.28.0.jar;C:\Users\BADWA03\.m2\repository\io\opentelemetry\opentelemetry-context\1.28.0\opentelemetry-context-1.28.0.jar;C:\Users\BADWA03\.m2\repository\io\opentelemetry\opentelemetry-exporter-logging\1.28.0\opentelemetry-exporter-logging-1.28.0.jar;C:\Users\BADWA03\.m2\repository\io\opentelemetry\opentelemetry-sdk-metrics\1.28.0\opentelemetry-sdk-metrics-1.28.0.jar;C:\Users\BADWA03\.m2\repository\io\opentelemetry\opentelemetry-extension-incubator\1.28.0-alpha\opentelemetry-extension-incubator-1.28.0-alpha.jar;C:\Users\BADWA03\.m2\repository\io\opentelemetry\opentelemetry-sdk-logs\1.28.0\opentelemetry-sdk-logs-1.28.0.jar;C:\Users\BADWA03\.m2\repository\io\opentelemetry\opentelemetry-sdk-common\1.28.0\opentelemetry-sdk-common-1.28.0.jar;C:\Users\BADWA03\.m2\repository\io\opentelemetry\opentelemetry-sdk-extension-autoconfigure-spi\1.28.0\opentelemetry-sdk-extension-autoconfigure-spi-1.28.0.jar;C:\Users\BADWA03\.m2\repository\io\opentelemetry\opentelemetry-sdk-extension-autoconfigure\1.28.0\opentelemetry-sdk-extension-autoconfigure-1.28.0.jar;C:\Users\BADWA03\.m2\repository\io\opentelemetry\opentelemetry-api-events\1.28.0-alpha\opentelemetry-api-events-1.28.0-alpha.jar;C:\Users\BADWA03\.m2\repository\io\opentelemetry\opentelemetry-sdk-trace\1.28.0\opentelemetry-sdk-trace-1.28.0.jar;C:\Users\BADWA03\.m2\repository\io\opentelemetry\opentelemetry-sdk\1.28.0\opentelemetry-sdk-1.28.0.jar;C:\Users\BADWA03\.m2\repository\io\opentelemetry\opentelemetry-semconv\1.28.0-alpha\opentelemetry-semconv-1.28.0-alpha.jar;C:\Users\BADWA03\.m2\repository\net\bytebuddy\byte-buddy\1.14.5\byte-buddy-1.14.5.jar;C:\Users\BADWA03\.m2\repository\org\seleniumhq\selenium\selenium-os\4.14.1\selenium-os-4.14.1.jar;C:\Users\BADWA03\.m2\repository\org\apache\commons\commons-exec\1.3\commons-exec-1.3.jar;C:\Users\BADWA03\.m2\repository\org\seleniumhq\selenium\selenium-safari-driver\4.14.1\selenium-safari-driver-4.14.1.jar;C:\Users\BADWA03\.m2\repository\org\seleniumhq\selenium\selenium-support\4.14.1\selenium-support-4.14.1.jar;C:\Users\BADWA03\.m2\repository\io\github\bonigarcia\webdrivermanager\5.5.3\webdrivermanager-5.5.3.jar;C:\Users\BADWA03\.m2\repository\org\slf4j\slf4j-api\2.0.7\slf4j-api-2.0.7.jar;C:\Users\BADWA03\.m2\repository\com\google\code\gson\gson\2.10.1\gson-2.10.1.jar;C:\Users\BADWA03\.m2\repository\com\github\docker-java\docker-java\3.3.3\docker-java-3.3.3.jar;C:\Users\BADWA03\.m2\repository\com\github\docker-java\docker-java-core\3.3.3\docker-java-core-3.3.3.jar;C:\Users\BADWA03\.m2\repository\com\github\docker-java\docker-java-api\3.3.3\docker-java-api-3.3.3.jar;C:\Users\BADWA03\.m2\repository\org\bouncycastle\bcpkix-jdk18on\1.75\bcpkix-jdk18on-1.75.jar;C:\Users\BADWA03\.m2\repository\org\bouncycastle\bcprov-jdk18on\1.75\bcprov-jdk18on-1.75.jar;C:\Users\BADWA03\.m2\repository\org\bouncycastle\bcutil-jdk18on\1.75\bcutil-jdk18on-1.75.jar;C:\Users\BADWA03\.m2\repository\org\slf4j\jcl-over-slf4j\1.7.30\jcl-over-slf4j-1.7.30.jar;C:\Users\BADWA03\.m2\repository\com\github\docker-java\docker-java-transport-httpclient5\3.3.3\docker-java-transport-httpclient5-3.3.3.jar;C:\Users\BADWA03\.m2\repository\com\github\docker-java\docker-java-transport\3.3.3\docker-java-transport-3.3.3.jar;C:\Users\BADWA03\.m2\repository\net\java\dev\jna\jna\5.12.1\jna-5.12.1.jar;C:\Users\BADWA03\.m2\repository\org\brotli\dec\0.1.2\dec-0.1.2.jar;C:\Users\BADWA03\.m2\repository\org\apache\httpcomponents\client5\httpclient5\5.2.1\httpclient5-5.2.1.jar;C:\Users\BADWA03\.m2\repository\org\apache\httpcomponents\core5\httpcore5\5.2\httpcore5-5.2.jar;C:\Users\BADWA03\.m2\repository\org\apache\httpcomponents\core5\httpcore5-h2\5.2\httpcore5-h2-5.2.jar;C:\Users\BADWA03\.m2\repository\org\slf4j\slf4j-simple\2.0.13\slf4j-simple-2.0.13.jar;C:\Users\BADWA03\.m2\repository\org\apache\poi\poi\5.2.3\poi-5.2.3.jar;C:\Users\BADWA03\.m2\repository\commons-codec\commons-codec\1.15\commons-codec-1.15.jar;C:\Users\BADWA03\.m2\repository\org\apache\commons\commons-collections4\4.4\commons-collections4-4.4.jar;C:\Users\BADWA03\.m2\repository\org\apache\commons\commons-math3\3.6.1\commons-math3-3.6.1.jar;C:\Users\BADWA03\.m2\repository\com\zaxxer\SparseBitSet\1.2\SparseBitSet-1.2.jar;C:\Users\BADWA03\.m2\repository\org\apache\poi\poi-ooxml\5.2.3\poi-ooxml-5.2.3.jar;C:\Users\BADWA03\.m2\repository\org\apache\poi\poi-ooxml-lite\5.2.3\poi-ooxml-lite-5.2.3.jar;C:\Users\BADWA03\.m2\repository\org\apache\xmlbeans\xmlbeans\5.1.1\xmlbeans-5.1.1.jar;C:\Users\BADWA03\.m2\repository\org\apache\commons\commons-compress\1.21\commons-compress-1.21.jar;C:\Users\BADWA03\.m2\repository\com\github\virtuald\curvesapi\1.07\curvesapi-1.07.jar;C:\Users\BADWA03\.m2\repository\commons-io\commons-io\2.11.0\commons-io-2.11.0.jar;C:\Users\BADWA03\.m2\repository\org\apache\logging\log4j\log4j-core\2.17.1\log4j-core-2.17.1.jar;C:\Users\BADWA03\.m2\repository\org\apache\logging\log4j\log4j-api\2.17.1\log4j-api-2.17.1.jar;C:\Users\BADWA03\.m2\repository\org\testng\testng\7.11.0\testng-7.11.0.jar;C:\Users\BADWA03\.m2\repository\org\jcommander\jcommander\1.83\jcommander-1.83.jar;C:\Users\BADWA03\.m2\repository\org\webjars\jquery\3.7.1\jquery-3.7.1.jar;"/>
    <property name="sun.cpu.endian" value="little"/>
    <property name="user.home" value="C:\Users\BADWA03"/>
    <property name="user.language" value="en"/>
    <property name="java.specification.vendor" value="Oracle Corporation"/>
    <property name="java.version.date" value="2023-09-19"/>
    <property name="java.home" value="C:\Program Files\Java\jdk-21"/>
    <property name="file.separator" value="\"/>
    <property name="basedir" value="C:\Users\BADWA03\eclipse-workspace\CucumberJava"/>
    <property name="java.vm.compressedOopsMode" value="Zero based"/>
    <property name="line.separator" value="&#10;"/>
    <property name="java.vm.specification.vendor" value="Oracle Corporation"/>
    <property name="java.specification.name" value="Java Platform API Specification"/>
    <property name="surefire.real.class.path" value="C:\Users\BADWA03\AppData\Local\Temp\surefire12814970653873170604\surefirebooter-20250827003951676_3.jar"/>
    <property name="user.script" value=""/>
    <property name="sun.management.compiler" value="HotSpot 64-Bit Tiered Compilers"/>
    <property name="java.runtime.version" value="21+35-LTS-2513"/>
    <property name="user.name" value="BADWA03"/>
    <property name="stdout.encoding" value="Cp1252"/>
    <property name="path.separator" value=";"/>
    <property name="os.version" value="10.0"/>
    <property name="java.runtime.name" value="Java(TM) SE Runtime Environment"/>
    <property name="file.encoding" value="UTF-8"/>
    <property name="java.vm.name" value="Java HotSpot(TM) 64-Bit Server VM"/>
    <property name="localRepository" value="C:\Users\BADWA03\.m2\repository"/>
    <property name="java.vendor.url.bug" value="https://bugreport.java.com/bugreport/"/>
    <property name="java.io.tmpdir" value="C:\Users\BADWA03\AppData\Local\Temp\"/>
    <property name="java.version" value="21"/>
    <property name="user.dir" value="C:\Users\BADWA03\eclipse-workspace\CucumberJava"/>
    <property name="os.arch" value="amd64"/>
    <property name="java.vm.specification.name" value="Java Virtual Machine Specification"/>
    <property name="sun.os.patch.level" value=""/>
    <property name="native.encoding" value="Cp1252"/>
    <property name="java.library.path" value="C:\Program Files\Java\jdk-21\bin;C:\WINDOWS\Sun\Java\bin;C:\WINDOWS\system32;C:\WINDOWS;C:\Program Files\Common Files\Oracle\Java\javapath;C:\WINDOWS\system32;C:\WINDOWS;C:\WINDOWS\System32\Wbem;C:\WINDOWS\System32\WindowsPowerShell\v1.0\;C:\WINDOWS\System32\OpenSSH\;C:\Program Files\Java\jdk-21\bin;C:\Program Files\apache-maven-3.9.5\bin;C:\apache-maven-3.9.5\bin;C:\apache-maven-3.9.5\bin;C:\Program Files\Git\cmd;C:\Program Files\nodejs\;C:\Program Files\MySQL\MySQL Server 8.0\bin;C:\Program Files\MySQL\MySQL Shell 8.0\bin\;C:\Users\BADWA03\AppData\Local\Microsoft\WindowsApps;C:\Users\BADWA03\AppData\Roaming\npm;."/>
    <property name="java.vm.info" value="mixed mode, sharing"/>
    <property name="stderr.encoding" value="Cp1252"/>
    <property name="java.vendor" value="Oracle Corporation"/>
    <property name="java.vm.version" value="21+35-LTS-2513"/>
    <property name="sun.io.unicode.encoding" value="UnicodeLittle"/>
    <property name="java.class.version" value="65.0"/>
  </properties>
  <testcase name="test" classname="Test1.HardAssertions" time="0.006"/>
  <testcase name="testLogin" classname="Test1.ParametrizationDataProviderandParallelTestingTestNG" time="2.816">
    <system-err><![CDATA[Aug 27, 2025 12:39:59 AM org.openqa.selenium.devtools.CdpVersionFinder findNearestMatch
WARNING: Unable to find CDP implementation matching 139
Aug 27, 2025 12:39:59 AM org.openqa.selenium.chromium.ChromiumDriver lambda$new$5
WARNING: Unable to find version of CDP to use for 139.0.7258.139. You may need to include a dependency on a specific version of the CDP using something similar to `org.seleniumhq.selenium:selenium-devtools-v86:4.14.1` where the version ("v86") matches the version of the chromium-based browser you're using and the version number of the artifact is the same as Selenium's.
]]></system-err>
  </testcase>
  <testcase name="paymentInRupees" classname="Test1.GroupingPaymentsTestNG" time="0.025">
    <system-out><![CDATA[paymentInRupees
]]></system-out>
  </testcase>
  <testcase name="paymentInDollars" classname="Test1.GroupingPaymentsTestNG" time="0.047">
    <system-out><![CDATA[paymentInDollars
]]></system-out>
  </testcase>
  <testcase name="search" classname="Test1.AnnotationsBeforeAndAfterClass" time="0.002">
    <system-out><![CDATA[Login...
This is search
]]></system-out>
  </testcase>
  <testcase name="advancesearch" classname="Test1.AnnotationsBeforeAndAfterClass" time="0.005">
    <system-out><![CDATA[This is advanced search
]]></system-out>
  </testcase>
  <testcase name="openapp" classname="Test1.OrangeHRMTestNgClass" time="6.522">
    <system-out><![CDATA[Logout
]]></system-out>
    <system-err><![CDATA[Aug 27, 2025 12:40:03 AM org.openqa.selenium.devtools.CdpVersionFinder findNearestMatch
WARNING: Unable to find CDP implementation matching 139
Aug 27, 2025 12:40:03 AM org.openqa.selenium.chromium.ChromiumDriver lambda$new$5
WARNING: Unable to find version of CDP to use for 139.0.7258.139. You may need to include a dependency on a specific version of the CDP using something similar to `org.seleniumhq.selenium:selenium-devtools-v86:4.14.1` where the version ("v86") matches the version of the chromium-based browser you're using and the version number of the artifact is the same as Selenium's.
]]></system-err>
  </testcase>
  <testcase name="testlogo" classname="Test1.OrangeHRMTestNgClass" time="3.088">
    <system-out><![CDATA[logo is displayed:true
]]></system-out>
  </testcase>
  <testcase name="testlogin" classname="Test1.OrangeHRMTestNgClass" time="1.42"/>
  <testcase name="testlogout" classname="Test1.OrangeHRMTestNgClass" time="0.2">
    <system-err><![CDATA[Aug 27, 2025 12:40:13 AM org.openqa.selenium.remote.http.WebSocket$Listener onError
WARNING: Connection reset
java.net.SocketException: Connection reset
	at java.base/sun.nio.ch.SocketChannelImpl.throwConnectionReset(SocketChannelImpl.java:401)
	at java.base/sun.nio.ch.SocketChannelImpl.read(SocketChannelImpl.java:434)
	at java.net.http/jdk.internal.net.http.SocketTube.readAvailable(SocketTube.java:1178)
	at java.net.http/jdk.internal.net.http.SocketTube$InternalReadPublisher$InternalReadSubscription.read(SocketTube.java:841)
	at java.net.http/jdk.internal.net.http.SocketTube$SocketFlowTask.run(SocketTube.java:181)
	at java.net.http/jdk.internal.net.http.common.SequentialScheduler$SchedulableTask.run(SequentialScheduler.java:207)
	at java.net.http/jdk.internal.net.http.common.SequentialScheduler.runOrSchedule(SequentialScheduler.java:280)
	at java.net.http/jdk.internal.net.http.common.SequentialScheduler.runOrSchedule(SequentialScheduler.java:233)
	at java.net.http/jdk.internal.net.http.SocketTube$InternalReadPublisher$InternalReadSubscription.signalReadable(SocketTube.java:782)
	at java.net.http/jdk.internal.net.http.SocketTube$InternalReadPublisher$ReadEvent.signalEvent(SocketTube.java:965)
	at java.net.http/jdk.internal.net.http.SocketTube$SocketFlowEvent.handle(SocketTube.java:253)
	at java.net.http/jdk.internal.net.http.HttpClientImpl$SelectorManager.handleEvent(HttpClientImpl.java:1467)
	at java.net.http/jdk.internal.net.http.HttpClientImpl$SelectorManager.lambda$run$3(HttpClientImpl.java:1412)
	at java.base/java.util.ArrayList.forEach(ArrayList.java:1596)
	at java.net.http/jdk.internal.net.http.HttpClientImpl$SelectorManager.run(HttpClientImpl.java:1412)

]]></system-err>
  </testcase>
  <testcase name="login" classname="Test1.TestLoginTest" time="1.556">
    <system-err><![CDATA[Aug 27, 2025 12:40:14 AM org.openqa.selenium.devtools.CdpVersionFinder findNearestMatch
WARNING: Unable to find CDP implementation matching 139
Aug 27, 2025 12:40:14 AM org.openqa.selenium.chromium.ChromiumDriver lambda$new$5
WARNING: Unable to find version of CDP to use for 139.0.7258.139. You may need to include a dependency on a specific version of the CDP using something similar to `org.seleniumhq.selenium:selenium-devtools-v86:4.14.1` where the version ("v86") matches the version of the chromium-based browser you're using and the version number of the artifact is the same as Selenium's.
]]></system-err>
  </testcase>
  <testcase name="testTitle" classname="Test1.AssertionsTestNG" time="0.006">
    <system-out><![CDATA[Test Passed
]]></system-out>
    <system-err><![CDATA[Aug 27, 2025 12:40:19 AM org.openqa.selenium.remote.http.WebSocket$Listener onError
WARNING: Connection reset
java.net.SocketException: Connection reset
	at java.base/sun.nio.ch.SocketChannelImpl.throwConnectionReset(SocketChannelImpl.java:401)
	at java.base/sun.nio.ch.SocketChannelImpl.read(SocketChannelImpl.java:434)
	at java.net.http/jdk.internal.net.http.SocketTube.readAvailable(SocketTube.java:1178)
	at java.net.http/jdk.internal.net.http.SocketTube$InternalReadPublisher$InternalReadSubscription.read(SocketTube.java:841)
	at java.net.http/jdk.internal.net.http.SocketTube$SocketFlowTask.run(SocketTube.java:181)
	at java.net.http/jdk.internal.net.http.common.SequentialScheduler$SchedulableTask.run(SequentialScheduler.java:207)
	at java.net.http/jdk.internal.net.http.common.SequentialScheduler.runOrSchedule(SequentialScheduler.java:280)
	at java.net.http/jdk.internal.net.http.common.SequentialScheduler.runOrSchedule(SequentialScheduler.java:233)
	at java.net.http/jdk.internal.net.http.SocketTube$InternalReadPublisher$InternalReadSubscription.signalReadable(SocketTube.java:782)
	at java.net.http/jdk.internal.net.http.SocketTube$InternalReadPublisher$ReadEvent.signalEvent(SocketTube.java:965)
	at java.net.http/jdk.internal.net.http.SocketTube$SocketFlowEvent.handle(SocketTube.java:253)
	at java.net.http/jdk.internal.net.http.HttpClientImpl$SelectorManager.handleEvent(HttpClientImpl.java:1467)
	at java.net.http/jdk.internal.net.http.HttpClientImpl$SelectorManager.lambda$run$3(HttpClientImpl.java:1412)
	at java.base/java.util.ArrayList.forEach(ArrayList.java:1596)
	at java.net.http/jdk.internal.net.http.HttpClientImpl$SelectorManager.run(HttpClientImpl.java:1412)

]]></system-err>
  </testcase>
  <testcase name="SignUpByEmail" classname="Test1.GroupingSignUpTestNG" time="0.003">
    <system-out><![CDATA[This is signup by email
]]></system-out>
  </testcase>
  <testcase name="SignUpByFacebook" classname="Test1.GroupingSignUpTestNG" time="0.004">
    <system-out><![CDATA[This is signup by Facebook
]]></system-out>
  </testcase>
  <testcase name="SignUpByTwitter" classname="Test1.GroupingSignUpTestNG" time="0.003">
    <system-out><![CDATA[This is signup by Twitter
]]></system-out>
  </testcase>
  <testcase name="search" classname="Test1.AnnotationBeforeAndAfterMethod" time="0.001">
    <system-out><![CDATA[Login....
This is search....
]]></system-out>
  </testcase>
  <testcase name="advancesearch" classname="Test1.AnnotationBeforeAndAfterMethod" time="0.001">
    <system-out><![CDATA[Logout
Login....
This is advanced search....
]]></system-out>
  </testcase>
  <testcase name="SoftAssertions" classname="Test1.HardVsSoftAssertions" time="0.002">
    <system-out><![CDATA[Logout
Test 1
Test 2
Test 3
Test 4
]]></system-out>
  </testcase>
  <testcase name="openapp" classname="Test1.DependencyMethodsInTestNG" time="0.002"/>
  <testcase name="login" classname="Test1.DependencyMethodsInTestNG" time="0.001"/>
  <testcase name="search" classname="Test1.DependencyMethodsInTestNG" time="0.006">
    <failure type="java.lang.AssertionError"><![CDATA[java.lang.AssertionError
	at org.junit.Assert.fail(Assert.java:86)
	at org.junit.Assert.assertTrue(Assert.java:41)
	at org.junit.Assert.assertTrue(Assert.java:52)
	at Test1.DependencyMethodsInTestNG.search(DependencyMethodsInTestNG.java:22)
	at java.base/jdk.internal.reflect.DirectMethodHandleAccessor.invoke(DirectMethodHandleAccessor.java:103)
	at java.base/java.lang.reflect.Method.invoke(Method.java:580)
	at org.testng.internal.invokers.MethodInvocationHelper.invokeMethod(MethodInvocationHelper.java:141)
	at org.testng.internal.invokers.TestInvoker.invokeMethod(TestInvoker.java:687)
	at org.testng.internal.invokers.TestInvoker.invokeTestMethod(TestInvoker.java:230)
	at org.testng.internal.invokers.MethodRunner.runInSequence(MethodRunner.java:63)
	at org.testng.internal.invokers.TestInvoker$MethodInvocationAgent.invoke(TestInvoker.java:995)
	at org.testng.internal.invokers.TestInvoker.invokeTestMethods(TestInvoker.java:203)
	at org.testng.internal.invokers.TestMethodWorker.invokeTestMethods(TestMethodWorker.java:154)
	at org.testng.internal.invokers.TestMethodWorker.run(TestMethodWorker.java:134)
	at java.base/java.util.ArrayList.forEach(ArrayList.java:1596)
	at org.testng.TestRunner.privateRun(TestRunner.java:741)
	at org.testng.TestRunner.run(TestRunner.java:616)
	at org.testng.SuiteRunner.runTest(SuiteRunner.java:421)
	at org.testng.SuiteRunner.runSequentially(SuiteRunner.java:413)
	at org.testng.SuiteRunner.privateRun(SuiteRunner.java:373)
	at org.testng.SuiteRunner.run(SuiteRunner.java:312)
	at org.testng.SuiteRunnerWorker.runSuite(SuiteRunnerWorker.java:52)
	at org.testng.SuiteRunnerWorker.run(SuiteRunnerWorker.java:95)
	at org.testng.TestNG.runSuitesSequentially(TestNG.java:1274)
	at org.testng.TestNG.runSuitesLocally(TestNG.java:1208)
	at org.testng.TestNG.runSuites(TestNG.java:1112)
	at org.testng.TestNG.run(TestNG.java:1079)
	at org.apache.maven.surefire.testng.TestNGExecutor.run(TestNGExecutor.java:308)
	at org.apache.maven.surefire.testng.TestNGXmlTestSuite.execute(TestNGXmlTestSuite.java:71)
	at org.apache.maven.surefire.testng.TestNGProvider.invoke(TestNGProvider.java:113)
	at org.apache.maven.surefire.booter.ForkedBooter.runSuitesInProcess(ForkedBooter.java:385)
	at org.apache.maven.surefire.booter.ForkedBooter.execute(ForkedBooter.java:162)
	at org.apache.maven.surefire.booter.ForkedBooter.run(ForkedBooter.java:507)
	at org.apache.maven.surefire.booter.ForkedBooter.main(ForkedBooter.java:495)
]]></failure>
  </testcase>
  <testcase name="adv_search" classname="Test1.DependencyMethodsInTestNG" time="0.0">
    <skipped message="Method Test1.DependencyMethodsInTestNG.adv_search() on instance Test1.DependencyMethodsInTestNG@702657cc depends on not successfully finished methods &#10;[Test1.DependencyMethodsInTestNG.search() on instance Test1.DependencyMethodsInTestNG@702657cc&#10;Test1.DependencyMethodsInTestNG.login() on instance Test1.DependencyMethodsInTestNG@702657cc]"/>
  </testcase>
  <testcase name="logout" classname="Test1.DependencyMethodsInTestNG" time="0.001"/>
  <testcase name="loginByEmail" classname="Test1.GroupingLoginTestNG" time="0.003">
    <system-out><![CDATA[This is login by email
]]></system-out>
  </testcase>
  <testcase name="loginByFacebook" classname="Test1.GroupingLoginTestNG" time="0.003">
    <system-out><![CDATA[This is login by Facebook
]]></system-out>
  </testcase>
  <testcase name="loginByTwitter" classname="Test1.GroupingLoginTestNG" time="0.002">
    <system-out><![CDATA[This is login by Twitter
]]></system-out>
  </testcase>
  <testcase name="Openapp" classname="Test1.TestNGAnnotations" time="0.002">
    <system-out><![CDATA[opening application....
]]></system-out>
  </testcase>
  <testcase name="Login" classname="Test1.TestNGAnnotations" time="0.003">
    <system-out><![CDATA[login to application....
]]></system-out>
  </testcase>
  <testcase name="Logout" classname="Test1.TestNGAnnotations" time="0.003">
    <system-out><![CDATA[logout from application....
]]></system-out>
  </testcase>
</testsuite>