<?xml version="1.0" encoding="UTF-8"?>
<!-- Generated by org.testng.reporters.JUnitReportReporter -->
<testsuite hostname="LAP-317" failures="0" tests="3" name="Test1.GroupingSignUpTestNG" time="0.020" errors="0" timestamp="2025-08-03T20:21:00 IST" skipped="0">
  <testcase classname="Test1.GroupingSignUpTestNG" name="SignUpByEmail" time="0.016"/>
  <testcase classname="Test1.GroupingSignUpTestNG" name="SignUpByFacebook" time="0.002"/>
  <testcase classname="Test1.GroupingSignUpTestNG" name="SignUpByTwitter" time="0.002"/>
</testsuite> <!-- Test1.GroupingSignUpTestNG -->
