<?xml version="1.0" encoding="UTF-8"?>
<!-- Generated by org.testng.reporters.JUnitReportReporter -->
<testsuite hostname="LAP-317" failures="0" tests="2" name="Test1.AnnotationBeforeAndAfterMethod" time="0.030" errors="0" timestamp="2025-08-03T13:43:57 IST" skipped="0">
  <testcase classname="Test1.AnnotationBeforeAndAfterMethod" name="search" time="0.015"/>
  <testcase classname="Test1.AnnotationBeforeAndAfterMethod" name="advancesearch" time="0.015"/>
</testsuite> <!-- Test1.AnnotationBeforeAndAfterMethod -->
