<?xml version="1.0" encoding="UTF-8"?>
<!-- Generated by org.testng.reporters.JUnitReportReporter -->
<testsuite hostname="LAP-317" failures="0" tests="1" name="Test1.HardVsSoftAssertions" time="0.020" errors="0" timestamp="2025-08-03T17:05:18 IST" skipped="0">
  <testcase classname="Test1.HardVsSoftAssertions" name="SoftAssertions" time="0.020"/>
</testsuite> <!-- Test1.HardVsSoftAssertions -->
