<?xml version="1.0" encoding="UTF-8"?>
<!-- Generated by org.testng.reporters.JUnitReportReporter -->
<testsuite hostname="LAP-317" failures="0" tests="1" name="Test1.OrangeHRMTestNG" time="0.009" errors="0" timestamp="2025-07-20T21:11:49 IST" skipped="0">
  <testcase classname="Test1.OrangeHRMTestNG" name="f" time="0.009"/>
</testsuite> <!-- Test1.OrangeHRMTestNG -->
