<?xml version="1.0" encoding="UTF-8"?>
<!-- Generated by org.testng.reporters.JUnitReportReporter -->
<testsuite hostname="LAP-317" failures="0" tests="1" name="Test1.AssertionsTestNG" time="0.013" errors="0" timestamp="2025-08-03T16:24:29 IST" skipped="0">
  <testcase classname="Test1.AssertionsTestNG" name="testTitle" time="0.013"/>
</testsuite> <!-- Test1.AssertionsTestNG -->
