<?xml version="1.0" encoding="UTF-8"?>
<!-- Generated by org.testng.reporters.JUnitReportReporter -->
<testsuite hostname="LAP-317" failures="0" tests="3" name="Test1.TestNGAnnotations" time="0.018" errors="0" timestamp="2025-07-20T14:34:24 IST" skipped="0">
  <testcase classname="Test1.TestNGAnnotations" name="Openapp" time="0.014"/>
  <testcase classname="Test1.TestNGAnnotations" name="Login" time="0.002"/>
  <testcase classname="Test1.TestNGAnnotations" name="Logout" time="0.002"/>
</testsuite> <!-- Test1.TestNGAnnotations -->
