<?xml version="1.0" encoding="UTF-8"?>
<!-- Generated by org.testng.reporters.JUnitReportReporter -->
<testsuite hostname="LAP-317" failures="0" tests="2" name="Test1.GroupingPaymentsTestNG" time="0.015" errors="0" timestamp="2025-08-27T00:02:07 IST" skipped="0">
  <testcase classname="Test1.GroupingPaymentsTestNG" name="paymentInRupees" time="0.013"/>
  <testcase classname="Test1.GroupingPaymentsTestNG" name="paymentInDollars" time="0.002"/>
</testsuite> <!-- Test1.GroupingPaymentsTestNG -->
