<?xml version="1.0" encoding="UTF-8"?>
<!-- Generated by org.testng.reporters.JUnitReportReporter -->
<testsuite hostname="LAP-317" failures="0" tests="4" name="Test1.OrangeHRMTestNgClass" time="13.391" errors="0" timestamp="2025-08-23T15:34:51 IST" skipped="0">
  <testcase classname="Test1.OrangeHRMTestNgClass" name="openapp" time="8.455"/>
  <testcase classname="Test1.OrangeHRMTestNgClass" name="testlogo" time="3.122"/>
  <testcase classname="Test1.OrangeHRMTestNgClass" name="testlogin" time="1.541"/>
  <testcase classname="Test1.OrangeHRMTestNgClass" name="testlogout" time="0.273"/>
</testsuite> <!-- Test1.OrangeHRMTestNgClass -->
