<?xml version="1.0" encoding="UTF-8"?>
<!-- Generated by org.testng.reporters.JUnitReportReporter -->
<testsuite hostname="LAP-317" failures="0" tests="2" name="Test1.AnnotationsBeforeAndAfterClass" time="0.007" errors="0" timestamp="2025-08-27T00:40:20 IST" skipped="0">
  <testcase classname="Test1.AnnotationsBeforeAndAfterClass" name="search" time="0.002"/>
  <testcase classname="Test1.AnnotationsBeforeAndAfterClass" name="advancesearch" time="0.005"/>
</testsuite> <!-- Test1.AnnotationsBeforeAndAfterClass -->
