<?xml version="1.0" encoding="UTF-8"?>
<!-- Generated by org.testng.reporters.JUnitReportReporter -->
<testsuite hostname="LAP-317" failures="0" tests="3" name="Test1.GroupingLoginTestNG" time="0.002" errors="0" timestamp="2025-08-27T00:40:20 IST" skipped="0">
  <testcase classname="Test1.GroupingLoginTestNG" name="loginByEmail" time="0.001"/>
  <testcase classname="Test1.GroupingLoginTestNG" name="loginByFacebook" time="0.001"/>
  <testcase classname="Test1.GroupingLoginTestNG" name="loginByTwitter" time="0.000"/>
</testsuite> <!-- Test1.GroupingLoginTestNG -->
