<?xml version="1.0" encoding="UTF-8"?>
<!-- Generated by org.testng.reporters.JUnitReportReporter -->
<testsuite hostname="LAP-317" failures="0" tests="4" name="Test1.OrangeHRMTestNgClass" time="11.287" errors="0" timestamp="2025-08-27T00:40:20 IST" skipped="0">
  <testcase classname="Test1.OrangeHRMTestNgClass" name="openapp" time="6.585"/>
  <testcase classname="Test1.OrangeHRMTestNgClass" name="testlogo" time="3.075"/>
  <testcase classname="Test1.OrangeHRMTestNgClass" name="testlogin" time="1.430"/>
  <testcase classname="Test1.OrangeHRMTestNgClass" name="testlogout" time="0.197"/>
</testsuite> <!-- Test1.OrangeHRMTestNgClass -->
