<?xml version="1.0" encoding="UTF-8"?>
<!-- Generated by org.testng.reporters.JUnitReportReporter -->
<testsuite hostname="LAP-317" failures="0" tests="1" name="Test1.ParametrizationDataProviderandParallelTestingTestNG" time="2.830" errors="0" timestamp="2025-08-27T00:40:20 IST" skipped="0">
  <testcase classname="Test1.ParametrizationDataProviderandParallelTestingTestNG" name="testLogin" time="2.830"/>
</testsuite> <!-- Test1.ParametrizationDataProviderandParallelTestingTestNG -->
