<?xml version="1.0" encoding="UTF-8"?>
<!-- Generated by org.testng.reporters.JUnitReportReporter -->
<testsuite hostname="LAP-317" failures="0" tests="2" name="Test1.GroupingPaymentsTestNG" time="0.004" errors="0" timestamp="2025-08-27T00:40:20 IST" skipped="0">
  <testcase classname="Test1.GroupingPaymentsTestNG" name="paymentInRupees" time="0.001"/>
  <testcase classname="Test1.GroupingPaymentsTestNG" name="paymentInDollars" time="0.003"/>
</testsuite> <!-- Test1.GroupingPaymentsTestNG -->
