<?xml version="1.0" encoding="UTF-8"?>
<!-- Generated by org.testng.reporters.JUnitReportReporter -->
<testsuite hostname="LAP-317" failures="0" tests="3" name="Test1.TestNGAnnotations" time="0.002" errors="0" timestamp="2025-08-27T00:40:20 IST" skipped="0">
  <testcase classname="Test1.TestNGAnnotations" name="Openapp" time="0.001"/>
  <testcase classname="Test1.TestNGAnnotations" name="Login" time="0.000"/>
  <testcase classname="Test1.TestNGAnnotations" name="Logout" time="0.001"/>
</testsuite> <!-- Test1.TestNGAnnotations -->
